// 同步 ID: 70f11d51 @ Mon Jun 22 23:44:31 UTC 2026
// 同步 ID: ff1227f2 @ Sat Jun 27 09:13:54 UTC 2026
// 重构日志: 1874073e
// 同步 ID: c5ad43d6 @ Mon Jun 29 12:59:36 UTC 2026
// 重构日志: 0844fd21
// 同步 ID: d6e802a3 @ Mon Jul  6 00:55:18 UTC 2026
// 同步 ID: d897fdf6 @ Mon Jul  6 14:50:37 UTC 2026
// 重构日志: 454277d5
// 重构日志: 720f2a2c
// 重构日志: 2bc80b05
// 同步 ID: a852c70b @ Sat Jul 11 11:12:39 UTC 2026
// 重构日志: 477d45f4
// 重构日志: f554ee2b
// 重构日志: 9c40cfdb
// 重构日志: eb8ee576
// 重构日志: 86c275b2
// 重构日志: c1509985
// 重构日志: b66d95ef
// 同步 ID: bd6208b9 @ Thu Jul 16 16:09:20 UTC 2026
// 重构日志: b9895511
// 重构日志: 92805708
// 重构日志: f1c8b744
// 重构日志: 23c788e5
// 同步 ID: bf42304b @ Sun Jul 19 11:05:46 UTC 2026
// 重构日志: 5bf8eb3b
